Using pre-set license
Built from '2021.1/release' branch; Version is '2021.1.4f1 (4cd64a618c1b) revision 5035594'; Using compiler version '192528614'; Build Type 'Release'
OS: 'Windows 10 Home; OS build 19042.1165; Version 2009; 64bit' Language: 'en' Physical Memory: 16295 MB
BatchMode: 1, IsHumanControllingUs: 0, StartBugReporterOnCrash: 0, Is64bit: 1, IsPro: 0

 COMMAND LINE ARGUMENTS:
C:\Program Files\Unity\Hub\Editor\2021.1.4f1\Editor\Unity.exe
-adb2
-batchMode
-noUpm
-name
AssetImportWorker0
-projectPath
D:/Unity Projects/Runners VS Rockets/Runners VS Rockets Revengance
-logFile
Logs/AssetImportWorker0.log
-srvPort
52539
Successfully changed project path to: D:/Unity Projects/Runners VS Rockets/Runners VS Rockets Revengance
D:/Unity Projects/Runners VS Rockets/Runners VS Rockets Revengance
Using Asset Import Pipeline V2.
Refreshing native plugins compatible for Editor in 38.46 ms, found 0 plugins.
Preloading 0 native plugins for Editor in 0.00 ms.
Initialize engine version: 2021.1.4f1 (4cd64a618c1b)
[Subsystems] Discovering subsystems at path C:/Program Files/Unity/Hub/Editor/2021.1.4f1/Editor/Data/Resources/UnitySubsystems
[Subsystems] Discovering subsystems at path D:/Unity Projects/Runners VS Rockets/Runners VS Rockets Revengance/Assets
GfxDevice: creating device client; threaded=0; jobified=0
Direct3D:
    Version:  Direct3D 11.0 [level 11.1]
    Renderer: NVIDIA GeForce GTX 1060 6GB (ID=0x1c03)
    Vendor:   NVIDIA
    VRAM:     6052 MB
    Driver:   30.0.14.7168
Initialize mono
Mono path[0] = 'C:/Program Files/Unity/Hub/Editor/2021.1.4f1/Editor/Data/Managed'
Mono path[1] = 'C:/Program Files/Unity/Hub/Editor/2021.1.4f1/Editor/Data/MonoBleedingEdge/lib/mono/unityjit'
Mono config path = 'C:/Program Files/Unity/Hub/Editor/2021.1.4f1/Editor/Data/MonoBleedingEdge/etc'
Using monoOptions --debugger-agent=transport=dt_socket,embedding=1,server=y,suspend=n,address=127.0.0.1:56276
Begin MonoManager ReloadAssembly
Registering precompiled unity dll's ...
Register platform support module: C:/Program Files/Unity/Hub/Editor/2021.1.4f1/Editor/Data/PlaybackEngines/WindowsStandaloneSupport/UnityEditor.WindowsStandalone.Extensions.dll
Registered in 0.001404 seconds.
Native extension for WindowsStandalone target not found
Refreshing native plugins compatible for Editor in 38.03 ms, found 0 plugins.
Preloading 0 native plugins for Editor in 0.00 ms.
Mono: successfully reloaded assembly
- Completed reload, in  0.885 seconds
Platform modules already initialized, skipping
Registering precompiled user dll's ...
Registered in 0.001890 seconds.
Begin MonoManager ReloadAssembly
Native extension for WindowsStandalone target not found
Refreshing native plugins compatible for Editor in 37.66 ms, found 0 plugins.
Preloading 0 native plugins for Editor in 0.00 ms.
Mono: successfully reloaded assembly
- Completed reload, in  0.862 seconds
Platform modules already initialized, skipping
========================================================================
Worker process is ready to serve import requests
Launched and connected shader compiler UnityShaderCompiler.exe after 0.03 seconds
Refreshing native plugins compatible for Editor in 0.48 ms, found 0 plugins.
Preloading 0 native plugins for Editor in 0.00 ms.
Unloading 2106 Unused Serialized files (Serialized files now loaded: 0)
System memory in use before: 88.8 MB.
System memory in use after: 88.9 MB.

Unloading 48 unused Assets to reduce memory usage. Loaded Objects now: 2539.
Total: 4.566900 ms (FindLiveObjects: 0.144000 ms CreateObjectMapping: 0.063700 ms MarkObjects: 4.301400 ms  DeleteObjects: 0.056500 ms)

========================================================================
Received Import Request.
  path: Assets/art/explosionGifFixed/explosion0.png
  artifactKey: Guid(c36247d535b158347ae176c9c19d7da9) Importer(815301076,1909f56bfc062723c751e8b465ee728b)
Start importing Assets/art/explosionGifFixed/explosion0.png using Guid(c36247d535b158347ae176c9c19d7da9) Importer(815301076,1909f56bfc062723c751e8b465ee728b)  -> (artifact id: 'd0ec5d0701d6b87fd85457f4d5bdd577') in 0.097200 seconds 
========================================================================
Received Import Request.
  Time since last request: 0.000243 seconds.
  path: Assets/art/explosionGifFixed/explosion3.png
  artifactKey: Guid(e8c7b9e08cef7194b9805abeefcd6e73) Importer(815301076,1909f56bfc062723c751e8b465ee728b)
Start importing Assets/art/explosionGifFixed/explosion3.png using Guid(e8c7b9e08cef7194b9805abeefcd6e73) Importer(815301076,1909f56bfc062723c751e8b465ee728b)  -> (artifact id: 'cbae170089f07226504ff09402f0270e') in 0.013899 seconds 
========================================================================
Received Import Request.
  Time since last request: 0.000175 seconds.
  path: Assets/art/explosionGifFixed/explosion4.png
  artifactKey: Guid(2f25d9bc90423924ab57b25edf3a8f4c) Importer(815301076,1909f56bfc062723c751e8b465ee728b)
Start importing Assets/art/explosionGifFixed/explosion4.png using Guid(2f25d9bc90423924ab57b25edf3a8f4c) Importer(815301076,1909f56bfc062723c751e8b465ee728b)  -> (artifact id: 'c0656d9fa0a0d25c8c7541e63eb1cae2') in 0.014445 seconds 
========================================================================
Received Import Request.
  Time since last request: 0.000165 seconds.
  path: Assets/art/explosionGifFixed/explosion2.png
  artifactKey: Guid(6ed3b3fa552df21478c430388ced286b) Importer(815301076,1909f56bfc062723c751e8b465ee728b)
Start importing Assets/art/explosionGifFixed/explosion2.png using Guid(6ed3b3fa552df21478c430388ced286b) Importer(815301076,1909f56bfc062723c751e8b465ee728b)  -> (artifact id: 'b3c1b7f5fe9f5417998e4b820b5c4520') in 0.012604 seconds 
========================================================================
Received Import Request.
  Time since last request: 0.000201 seconds.
  path: Assets/art/explosionGifFixed/explosion5.png
  artifactKey: Guid(de7c4934669a27542a1ee886454db03a) Importer(815301076,1909f56bfc062723c751e8b465ee728b)
Start importing Assets/art/explosionGifFixed/explosion5.png using Guid(de7c4934669a27542a1ee886454db03a) Importer(815301076,1909f56bfc062723c751e8b465ee728b)  -> (artifact id: 'ba285613e1ed225a2ed052248e441efe') in 0.013544 seconds 
========================================================================
Received Import Request.
  Time since last request: 0.000183 seconds.
  path: Assets/art/explosionGifFixed/explosion6.png
  artifactKey: Guid(81b9ee37c55947a4b894178e31a1b99a) Importer(815301076,1909f56bfc062723c751e8b465ee728b)
Start importing Assets/art/explosionGifFixed/explosion6.png using Guid(81b9ee37c55947a4b894178e31a1b99a) Importer(815301076,1909f56bfc062723c751e8b465ee728b)  -> (artifact id: 'e58fa3984151f34c6bb717cb7917ec9e') in 0.013896 seconds 
========================================================================
Received Import Request.
  Time since last request: 0.000211 seconds.
  path: Assets/art/explosionGifFixed/explosion1.png
  artifactKey: Guid(7e1f54a1fab1c324ab5bf1e71a29f690) Importer(815301076,1909f56bfc062723c751e8b465ee728b)
Start importing Assets/art/explosionGifFixed/explosion1.png using Guid(7e1f54a1fab1c324ab5bf1e71a29f690) Importer(815301076,1909f56bfc062723c751e8b465ee728b)  -> (artifact id: '9004c0b1eac428a413e79b48b05a898e') in 0.012918 seconds 
========================================================================
Received Import Request.
  Time since last request: 18.526191 seconds.
  path: Assets/art/explosionGifFixed/explosion7.png
  artifactKey: Guid(3afdaf973628a2c40a8927be93febbb4) Importer(815301076,1909f56bfc062723c751e8b465ee728b)
Start importing Assets/art/explosionGifFixed/explosion7.png using Guid(3afdaf973628a2c40a8927be93febbb4) Importer(815301076,1909f56bfc062723c751e8b465ee728b)  -> (artifact id: 'e0f18ef6e4bd7c466bf0944a5ca9bb01') in 0.012903 seconds 
========================================================================
Received Import Request.
  Time since last request: 0.000194 seconds.
  path: Assets/art/explosionGifFixed/explosion8.png
  artifactKey: Guid(cb57379af263f694a93a40fa2bc9f91e) Importer(815301076,1909f56bfc062723c751e8b465ee728b)
Start importing Assets/art/explosionGifFixed/explosion8.png using Guid(cb57379af263f694a93a40fa2bc9f91e) Importer(815301076,1909f56bfc062723c751e8b465ee728b)  -> (artifact id: '3d255cd165fa66acd44478d0df848d09') in 0.014193 seconds 
========================================================================
Received Import Request.
  Time since last request: 0.000148 seconds.
  path: Assets/art/explosionGifFixed/explosion9.png
  artifactKey: Guid(2e8f718880a90074bac6f65a12eabdaa) Importer(815301076,1909f56bfc062723c751e8b465ee728b)
Start importing Assets/art/explosionGifFixed/explosion9.png using Guid(2e8f718880a90074bac6f65a12eabdaa) Importer(815301076,1909f56bfc062723c751e8b465ee728b)  -> (artifact id: 'f0f431c9cefec10d9f7d970775805e6f') in 0.013002 seconds 
========================================================================
Received Import Request.
  Time since last request: 0.025738 seconds.
  path: Assets/art/explosionGifFixed/explosion10.png
  artifactKey: Guid(fff962f5b41b69a46be8494804539839) Importer(815301076,1909f56bfc062723c751e8b465ee728b)
Start importing Assets/art/explosionGifFixed/explosion10.png using Guid(fff962f5b41b69a46be8494804539839) Importer(815301076,1909f56bfc062723c751e8b465ee728b)  -> (artifact id: '9b43b72bc20b174e7b7c99526e2dfc04') in 0.014093 seconds 
========================================================================
Received Import Request.
  Time since last request: 0.000183 seconds.
  path: Assets/art/explosionGifFixed/explosion12.png
  artifactKey: Guid(f915e43dd741d704d93f5e172bb58475) Importer(815301076,1909f56bfc062723c751e8b465ee728b)
Start importing Assets/art/explosionGifFixed/explosion12.png using Guid(f915e43dd741d704d93f5e172bb58475) Importer(815301076,1909f56bfc062723c751e8b465ee728b)  -> (artifact id: 'cd320ede4307ee804cd2a514f3e692ac') in 0.013528 seconds 
========================================================================
Received Import Request.
  Time since last request: 0.000164 seconds.
  path: Assets/art/explosionGifFixed/explosion11.png
  artifactKey: Guid(275bb2a223975e444a33ae008a4bcd46) Importer(815301076,1909f56bfc062723c751e8b465ee728b)
Start importing Assets/art/explosionGifFixed/explosion11.png using Guid(275bb2a223975e444a33ae008a4bcd46) Importer(815301076,1909f56bfc062723c751e8b465ee728b)  -> (artifact id: '9cd1be742e52c77dbe0737a0465054f1') in 0.013487 seconds 
========================================================================
Received Import Request.
  Time since last request: 0.289880 seconds.
  path: Assets/art/explosionGifFixed/explosion13.png
  artifactKey: Guid(0449dacebd85c8e47bb7fab0ce1a9e0a) Importer(815301076,1909f56bfc062723c751e8b465ee728b)
Start importing Assets/art/explosionGifFixed/explosion13.png using Guid(0449dacebd85c8e47bb7fab0ce1a9e0a) Importer(815301076,1909f56bfc062723c751e8b465ee728b)  -> (artifact id: 'bb6f3a070a7a9fae68a148db0fd89188') in 0.012138 seconds 
========================================================================
Received Import Request.
  Time since last request: 0.000198 seconds.
  path: Assets/art/explosionGifFixed/explosion15.png
  artifactKey: Guid(c7827e2f7a2535b4a862b206c5aca64a) Importer(815301076,1909f56bfc062723c751e8b465ee728b)
Start importing Assets/art/explosionGifFixed/explosion15.png using Guid(c7827e2f7a2535b4a862b206c5aca64a) Importer(815301076,1909f56bfc062723c751e8b465ee728b)  -> (artifact id: '1af2a76aab28753cd6ad057f0f88a263') in 0.013472 seconds 
========================================================================
Received Import Request.
  Time since last request: 0.000198 seconds.
  path: Assets/art/explosionGifFixed/explosion14.png
  artifactKey: Guid(b26c01b536f72d240b55f1ed55621c97) Importer(815301076,1909f56bfc062723c751e8b465ee728b)
Start importing Assets/art/explosionGifFixed/explosion14.png using Guid(b26c01b536f72d240b55f1ed55621c97) Importer(815301076,1909f56bfc062723c751e8b465ee728b)  -> (artifact id: '94d9b3c44ed7135def732304ee9627ae') in 0.013688 seconds 
========================================================================
Received Import Request.
  Time since last request: 0.019253 seconds.
  path: Assets/art/explosionGifFixed/explosion16.png
  artifactKey: Guid(aad8ec406759c7642ba6560ca8b2f021) Importer(815301076,1909f56bfc062723c751e8b465ee728b)
Start importing Assets/art/explosionGifFixed/explosion16.png using Guid(aad8ec406759c7642ba6560ca8b2f021) Importer(815301076,1909f56bfc062723c751e8b465ee728b)  -> (artifact id: '062778616682f43f041afb138a883a60') in 0.013081 seconds 
========================================================================
Received Import Request.
  Time since last request: 0.000188 seconds.
  path: Assets/art/explosionGifFixed/explosion18.png
  artifactKey: Guid(2e572070f2796ce42b1613365cb44238) Importer(815301076,1909f56bfc062723c751e8b465ee728b)
Start importing Assets/art/explosionGifFixed/explosion18.png using Guid(2e572070f2796ce42b1613365cb44238) Importer(815301076,1909f56bfc062723c751e8b465ee728b)  -> (artifact id: 'fa20b16306a2517acf4706649b8767b7') in 0.013188 seconds 
========================================================================
Received Import Request.
  Time since last request: 0.000195 seconds.
  path: Assets/art/explosionGifFixed/explosion17.png
  artifactKey: Guid(aa65eecb7d17c5940be68c862c05ddd2) Importer(815301076,1909f56bfc062723c751e8b465ee728b)
Start importing Assets/art/explosionGifFixed/explosion17.png using Guid(aa65eecb7d17c5940be68c862c05ddd2) Importer(815301076,1909f56bfc062723c751e8b465ee728b)  -> (artifact id: 'b6141c5cfa7da7a3095eac77fbb560ff') in 0.012989 seconds 
========================================================================
Received Import Request.
  Time since last request: 18.681323 seconds.
  path: Assets/RVR.inputactions
  artifactKey: Guid(1db4ff51bf0a6654683a435f4782d73b) Importer(815301076,1909f56bfc062723c751e8b465ee728b)
Start importing Assets/RVR.inputactions using Guid(1db4ff51bf0a6654683a435f4782d73b) Importer(815301076,1909f56bfc062723c751e8b465ee728b)  -> (artifact id: 'e7d4ffbeea7701656b032d4c02a84ae8') in 0.014478 seconds 
========================================================================
Received Import Request.
  Time since last request: 1.315171 seconds.
  path: Assets/art
  artifactKey: Guid(95a2c6e95c928fc48a97f2a493510f63) Importer(815301076,1909f56bfc062723c751e8b465ee728b)
Start importing Assets/art using Guid(95a2c6e95c928fc48a97f2a493510f63) Importer(815301076,1909f56bfc062723c751e8b465ee728b)  -> (artifact id: '595ff24bbc20ef1e61678f1c22af6c3c') in 0.003853 seconds 
========================================================================
Received Import Request.
  Time since last request: 1057.227601 seconds.
  path: Assets/charPickScreen.png
  artifactKey: Guid(06ef1b3f997dcc1499e43cfcb81b31ae) Importer(815301076,1909f56bfc062723c751e8b465ee728b)
Start importing Assets/charPickScreen.png using Guid(06ef1b3f997dcc1499e43cfcb81b31ae) Importer(815301076,1909f56bfc062723c751e8b465ee728b)  -> (artifact id: '297cc1925317b9dda9a1d2033271a5ff') in 0.021052 seconds 
========================================================================
Received Import Request.
  Time since last request: 0.000165 seconds.
  path: Assets/p3.png
  artifactKey: Guid(e78a6c1fff4e97a4c837599da2993ff1) Importer(815301076,1909f56bfc062723c751e8b465ee728b)
Start importing Assets/p3.png using Guid(e78a6c1fff4e97a4c837599da2993ff1) Importer(815301076,1909f56bfc062723c751e8b465ee728b)  -> (artifact id: '83274cd104d0146a4076a8abcde603f7') in 0.009779 seconds 
========================================================================
Received Import Request.
  Time since last request: 0.000158 seconds.
  path: Assets/p1.png
  artifactKey: Guid(61186cd002800064985f7c4e109aa0cd) Importer(815301076,1909f56bfc062723c751e8b465ee728b)
Start importing Assets/p1.png using Guid(61186cd002800064985f7c4e109aa0cd) Importer(815301076,1909f56bfc062723c751e8b465ee728b)  -> (artifact id: 'fee223c3c8092010295ff92bb59e6600') in 0.008727 seconds 
========================================================================
Received Import Request.
  Time since last request: 0.000218 seconds.
  path: Assets/p2.png
  artifactKey: Guid(d341f2bbf069d3146a4f1077bb36bdb2) Importer(815301076,1909f56bfc062723c751e8b465ee728b)
Start importing Assets/p2.png using Guid(d341f2bbf069d3146a4f1077bb36bdb2) Importer(815301076,1909f56bfc062723c751e8b465ee728b)  -> (artifact id: '7bb9ffe43142cacc1c6f453d02c172f6') in 0.009240 seconds 
========================================================================
Received Import Request.
  Time since last request: 0.000169 seconds.
  path: Assets/p4.png
  artifactKey: Guid(cea160c7588510344966b08cb4c96d75) Importer(815301076,1909f56bfc062723c751e8b465ee728b)
Start importing Assets/p4.png using Guid(cea160c7588510344966b08cb4c96d75) Importer(815301076,1909f56bfc062723c751e8b465ee728b)  -> (artifact id: '6312a7d2fbacb046fd6794f1b34d34ac') in 0.009307 seconds 
========================================================================
Received Import Request.
  Time since last request: 294.115376 seconds.
  path: ProjectSettings/TagManager.asset
  artifactKey: Guid(00000000000000003000000000000000) Importer(815301076,1909f56bfc062723c751e8b465ee728b)
Start importing ProjectSettings/TagManager.asset using Guid(00000000000000003000000000000000) Importer(815301076,1909f56bfc062723c751e8b465ee728b)  -> (artifact id: 'c1eb3683f16162394e430ba9033fbce5') in 0.005461 seconds 
AssetImportWorkerClient::OnTransportError - code=2 error=End of file
