
=== Mon Sep  9 13:55:45 2019

Packages were changed.
Update Mode: mergeDefaultDependencies

The following packages were added:
  com.unity.package-manager-ui@2.2.0
  com.unity.ext.nunit@1.0.0
  com.unity.test-framework@1.0.13
  com.unity.ide.vscode@1.1.0
  com.unity.ide.rider@1.1.0
  com.unity.ugui@1.0.0
  com.unity.modules.androidjni@1.0.0
The following packages were updated:
  com.unity.collab-proxy from version 1.2.9 to 1.2.16
  com.unity.textmeshpro from version 2.0.0 to 2.0.1
  com.unity.timeline from version 0.0.0-builtin to 1.1.0

=== Fri Nov 15 23:48:03 2019

Packages were changed.
Update Mode: updateDependencies

The following packages were added:
  com.unity.multiplayer-hlapi@1.0.2
  com.unity.xr.legacyinputhelpers@2.0.2

=== Sat Nov 16 00:08:59 2019

Packages were changed.
Update Mode: resetToDefaultDependencies

The following packages were added:
  com.unity.analytics@3.2.2
  com.unity.purchasing@2.0.3
  com.unity.ads@2.0.8
The following packages were updated:
  com.unity.textmeshpro from version 2.0.1 to 1.3.0
  com.unity.package-manager-ui from version 2.2.0 to 2.0.7
  com.unity.collab-proxy from version 1.2.16 to 1.2.15
The following packages were removed:
  com.unity.2d.sprite@1.0.0
  com.unity.2d.tilemap@1.0.0
  com.unity.ext.nunit@1.0.0
  com.unity.ide.rider@1.1.0
  com.unity.ide.vscode@1.1.0
  com.unity.multiplayer-hlapi@1.0.2
  com.unity.test-framework@1.0.13
  com.unity.timeline@1.1.0
  com.unity.ugui@1.0.0
  com.unity.xr.legacyinputhelpers@2.0.2
  com.unity.modules.androidjni@1.0.0

=== Sat Nov 16 00:22:49 2019

Packages were changed.
Update Mode: updateDependencies

The following packages were added:
  com.unity.2d.tilemap@1.0.0
  com.unity.ext.nunit@1.0.0
  com.unity.test-framework@1.0.13
  com.unity.timeline@1.1.0
  com.unity.2d.sprite@1.0.0
  com.unity.ide.vscode@1.1.0
  com.unity.ide.rider@1.1.0
  com.unity.ugui@1.0.0
  com.unity.modules.androidjni@1.0.0
  com.unity.multiplayer-hlapi@1.0.2
  com.unity.xr.legacyinputhelpers@2.0.2
The following packages were updated:
  com.unity.analytics from version 3.2.2 to 3.3.2
  com.unity.collab-proxy from version 1.2.15 to 1.2.16
  com.unity.package-manager-ui from version 2.0.7 to 2.2.0
  com.unity.purchasing from version 2.0.3 to 2.0.6
  com.unity.textmeshpro from version 1.3.0 to 2.0.1

=== Fri Dec 20 03:37:18 2019

Packages were changed.
Update Mode: updateDependencies

The following packages were updated:
  com.unity.ide.rider from version 1.1.0 to 1.1.4
  com.unity.ide.vscode from version 1.1.0 to 1.1.3
  com.unity.multiplayer-hlapi from version 1.0.2 to 1.0.4
  com.unity.test-framework from version 1.0.13 to 1.1.3
  com.unity.timeline from version 1.1.0 to 1.2.6
The following packages were removed:
  com.unity.package-manager-ui@2.2.0

=== Mon Aug 31 14:14:08 2020

Packages were changed.
Update Mode: updateDependencies

The following packages were added:
  com.unity.ide.visualstudio@2.0.2
The following packages were updated:
  com.unity.ads from version 2.0.8 to 3.4.7
  com.unity.analytics from version 3.3.2 to 3.3.5
  com.unity.collab-proxy from version 1.2.16 to 1.3.8
  com.unity.ide.rider from version 1.1.4 to 1.2.1
  com.unity.ide.vscode from version 1.1.3 to 1.2.1
  com.unity.test-framework from version 1.1.3 to 1.1.14
  com.unity.textmeshpro from version 2.0.1 to 3.0.0-preview.1
  com.unity.xr.legacyinputhelpers from version 2.0.2 to 2.1.4

=== Mon Aug 31 14:54:20 2020

Packages were changed.
Update Mode: updateDependencies

The following packages were updated:
  com.unity.test-framework from version 1.1.14 to 1.1.16
  com.unity.textmeshpro from version 3.0.0-preview.1 to 3.0.1

=== Sat Sep 19 14:09:08 2020

Packages were changed.
Update Mode: updateDependencies

The following packages were updated:
  com.unity.ads from version 3.4.7 to 3.4.9
  com.unity.collab-proxy from version 1.3.8 to 1.3.9
  com.unity.purchasing from version 2.0.6 to 2.1.0

=== Thu Apr  1 18:21:59 2021

Packages were changed.
Update Mode: updateDependencies

The following packages were updated:
  com.unity.ads from version 3.4.9 to 3.6.1
  com.unity.analytics from version 3.3.5 to 3.5.3
  com.unity.ext.nunit from version 1.0.0 to 1.0.6
  com.unity.ide.rider from version 1.2.1 to 2.0.7
  com.unity.ide.visualstudio from version 2.0.2 to 2.0.5
  com.unity.ide.vscode from version 1.2.1 to 1.2.3
  com.unity.inputsystem from version 1.0.0 to 1.0.2
  com.unity.purchasing from version 2.1.0 to 2.2.2
  com.unity.test-framework from version 1.1.16 to 1.1.22
  com.unity.timeline from version 1.2.6 to 1.4.6
  com.unity.xr.legacyinputhelpers from version 2.1.4 to 2.1.7

=== Thu May  6 14:19:38 2021

Packages were changed.
Update Mode: updateDependencies

The following packages were updated:
  com.unity.ide.rider from version 2.0.7 to 3.0.5
  com.unity.ide.visualstudio from version 2.0.5 to 2.0.7
  com.unity.purchasing from version 2.2.2 to 3.0.2
  com.unity.test-framework from version 1.1.22 to 1.1.24
  com.unity.textmeshpro from version 3.0.1 to 3.0.4
  com.unity.timeline from version 1.4.6 to 1.5.4
